[06:28:53][W00] [public-ecr-aws-docker-] START  window=300s  proto=http
[06:28:53][W01] [public-ecr-aws-docker-] START  window=300s  proto=http
[06:28:53][W02] [public-ecr-aws-docker-] START  window=300s  proto=http
[06:28:53][W03] [public-ecr-aws-docker-] START  window=300s  proto=stress_ng
[06:28:53][W05] [public-ecr-aws-docker-] START  window=300s  proto=redis
[06:28:53][W04] [public-ecr-aws-docker-] START  window=300s  proto=http
[06:28:53][W07] [public-ecr-aws-docker-] START  window=300s  proto=http
[06:28:53][W06] [public-ecr-aws-docker-] START  window=300s  proto=memcached
[06:28:53][W08] [public-ecr-aws-docker-] START  window=300s  proto=http
[06:28:53][W09] [public-ecr-aws-bitnami] START  window=300s  proto=http
[06:28:55][W08] [public-ecr-aws-docker-] OCI  layers=0 size=0.0MB lang=c ports=0
[06:29:05][W09] [public-ecr-aws-bitnami] OCI  layers=1 size=416.9MB lang=java ports=0
[06:29:16][W04] [public-ecr-aws-docker-] OCI  layers=6 size=87.5MB lang=c ports=0
[06:29:34][W06] [public-ecr-aws-docker-] OCI  layers=6 size=5.7MB lang=c ports=0
[06:29:34][W01] [public-ecr-aws-docker-] OCI  layers=7 size=19.9MB lang=c ports=0
[06:29:34][W00] [public-ecr-aws-docker-] OCI  layers=8 size=24.8MB lang=c ports=0
[06:29:34][W05] [public-ecr-aws-docker-] OCI  layers=7 size=15.5MB lang=c ports=0
[06:29:37][W03] [public-ecr-aws-docker-] OCI  layers=6 size=19.5MB lang=c ports=0
[06:29:40][W07] [public-ecr-aws-docker-] OCI  layers=10 size=108.3MB lang=java ports=0
[06:29:52][W02] [public-ecr-aws-docker-] OCI  layers=4 size=42.9MB lang=python ports=0
[06:30:03][W04] [public-ecr-aws-docker-] STARTUP  n=3  p99=72m  max=72m
[06:30:11][W06] [public-ecr-aws-docker-] STARTUP  n=2  p99=2m  max=2m
[06:30:11][W01] [public-ecr-aws-docker-] STARTUP  n=2  p99=3m  max=3m
[06:30:11][W00] [public-ecr-aws-docker-] STARTUP  n=2  p99=4m  max=4m
[06:30:11][W05] [public-ecr-aws-docker-] STARTUP  n=2  p99=6m  max=6m
[06:30:14][W03] [public-ecr-aws-docker-] STARTUP  n=3  p99=0m  max=0m
[06:30:16][W07] [public-ecr-aws-docker-] STARTUP  n=6  p99=1m  max=1m
[06:30:34][W02] [public-ecr-aws-docker-] STARTUP  n=4  p99=27m  max=27m
[06:30:45][W03] [public-ecr-aws-docker-] OK  p50=0.0m p99=0.0m sust_p50=0.0m ratio=0.0 n=6
[06:30:45][W03] [public-ecr-aws-docker-] START  window=300s  proto=batch
[06:30:54][W09] [public-ecr-aws-bitnami] STARTUP  n=2  p99=2m  max=2m
[06:30:59][W08] [public-ecr-aws-docker-] FAIL deploy
[06:30:59][W08] [public-ecr-aws-docker-] START  window=300s  proto=http
[06:31:16][W03] [public-ecr-aws-docker-] OCI  layers=5 size=175.1MB lang=java ports=0
[06:31:48][W08] [public-ecr-aws-docker-] OCI  layers=4 size=42.8MB lang=python ports=0
[06:31:53][W03] [public-ecr-aws-docker-] STARTUP  n=6  p99=0m  max=0m
[06:32:15][W05] [public-ecr-aws-docker-] OK  p50=945.5m p99=957.0m sust_p50=955.0m ratio=0.0 n=24
[06:32:15][W05] [public-ecr-aws-docker-] START  window=300s  proto=http
[06:32:25][W08] [public-ecr-aws-docker-] STARTUP  n=2  p99=1m  max=1m
[06:33:12][W05] [public-ecr-aws-docker-] OCI  layers=7 size=390.0MB lang=python ports=0
[06:34:04][W05] [public-ecr-aws-docker-] STARTUP  n=4  p99=25m  max=25m
[06:34:35][W04] [public-ecr-aws-docker-] OK  p50=8.0m p99=15.0m sust_p50=8.0m ratio=9.0 n=53
[06:34:35][W04] [public-ecr-aws-docker-] START  window=300s  proto=batch
[06:34:43][W01] [public-ecr-aws-docker-] OK  p50=5.0m p99=10.0m sust_p50=5.0m ratio=0.6 n=53
[06:34:43][W01] [public-ecr-aws-docker-] START  window=300s  proto=batch
[06:34:43][W06] [public-ecr-aws-docker-] OK  p50=3736.0m p99=3805.0m sust_p50=3752.0m ratio=0.0 n=53
[06:34:43][W06] [public-ecr-aws-docker-] START  window=300s  proto=http
[06:34:44][W00] [public-ecr-aws-docker-] OK  p50=3.0m p99=6.0m sust_p50=3.0m ratio=1.3 n=53
[06:34:44][W00] [public-ecr-aws-elastic] START  window=300s  proto=http_es
[06:34:49][W07] [public-ecr-aws-docker-] OK  p50=6.0m p99=20.0m sust_p50=6.0m ratio=0.2 n=53
[06:34:49][W07] [public-ecr-aws-docker-] START  window=300s  proto=http
[06:35:03][W00] [public-ecr-aws-elastic] OCI  layers=10 size=705.9MB lang=java ports=0
[06:35:03][W04] [public-ecr-aws-docker-] OCI  layers=5 size=64.8MB lang=java ports=0
[06:35:06][W02] [public-ecr-aws-docker-] OK  p50=15.0m p99=30.0m sust_p50=14.0m ratio=1.9 n=53
[06:35:06][W02] [public-ecr-aws-docker-] START  window=300s  proto=batch
[06:35:12][W01] [public-ecr-aws-docker-] OCI  layers=10 size=348.8MB lang=java ports=0
[06:35:29][W09] [public-ecr-aws-bitnami] OK  p50=2.0m p99=2.0m sust_p50=2.0m ratio=1.0 n=4
[06:35:29][W09] [public-ecr-aws-docker-] START  window=300s  proto=http
[06:35:30][W02] [public-ecr-aws-docker-] OCI  layers=9 size=187.4MB lang=java ports=0
[06:35:32][W06] [public-ecr-aws-docker-] OCI  layers=4 size=17.2MB lang=python ports=0
[06:35:38][W07] [public-ecr-aws-docker-] OCI  layers=4 size=43.3MB lang=python ports=0
[06:35:39][W04] [public-ecr-aws-docker-] STARTUP  n=6  p99=0m  max=0m
[06:35:39][W00] [public-ecr-aws-elastic] STARTUP  n=6  p99=2m  max=2m
[06:35:48][W01] [public-ecr-aws-docker-] STARTUP  n=6  p99=0m  max=0m
[06:36:08][W06] [public-ecr-aws-docker-] STARTUP  n=1  p99=1m  max=1m
[06:36:12][W02] [public-ecr-aws-docker-] STARTUP  n=2  p99=0m  max=0m
[06:36:20][W07] [public-ecr-aws-docker-] STARTUP  n=4  p99=23m  max=23m
[06:36:24][W03] [public-ecr-aws-docker-] OK  p50=0.0m p99=0.0m sust_p50=0.0m ratio=0.0 n=53
[06:36:25][W09] [public-ecr-aws-docker-] OCI  layers=4 size=41.2MB lang=python ports=0
[06:36:56][W08] [public-ecr-aws-docker-] OK  p50=13.0m p99=23.0m sust_p50=13.0m ratio=0.1 n=53
[06:37:07][W09] [public-ecr-aws-docker-] STARTUP  n=4  p99=30m  max=30m
[06:38:35][W05] [public-ecr-aws-docker-] OK  p50=12.0m p99=24.0m sust_p50=11.0m ratio=2.3 n=53
[06:40:10][W04] [public-ecr-aws-docker-] OK  p50=0.0m p99=0.0m sust_p50=0.0m ratio=0.0 n=53
[06:40:11][W00] [public-ecr-aws-elastic] OK  p50=38.0m p99=85.0m sust_p50=39.0m ratio=0.1 n=53
[06:40:19][W01] [public-ecr-aws-docker-] OK  p50=0.0m p99=0.0m sust_p50=0.0m ratio=0.0 n=53
[06:40:39][W06] [public-ecr-aws-docker-] OK  p50=12.0m p99=24.0m sust_p50=12.0m ratio=0.1 n=53
[06:40:42][W02] [public-ecr-aws-docker-] OK  p50=0.0m p99=0.0m sust_p50=0.0m ratio=0.0 n=53
[06:40:51][W07] [public-ecr-aws-docker-] OK  p50=11.0m p99=23.0m sust_p50=11.0m ratio=2.1 n=53
[06:41:37][W09] [public-ecr-aws-docker-] OK  p50=12.0m p99=30.0m sust_p50=12.0m ratio=2.5 n=53
