[06:01:24][W00] [public-ecr-aws-docker-] START  window=300s  proto=http
[06:01:24][W01] [public-ecr-aws-docker-] START  window=300s  proto=http
[06:01:24][W03] [public-ecr-aws-docker-] START  window=300s  proto=stress_ng
[06:01:24][W02] [public-ecr-aws-docker-] START  window=300s  proto=http
[06:01:24][W04] [public-ecr-aws-docker-] START  window=300s  proto=http
[06:01:24][W05] [public-ecr-aws-docker-] START  window=300s  proto=redis
[06:01:24][W06] [public-ecr-aws-docker-] START  window=300s  proto=memcached
[06:01:24][W07] [public-ecr-aws-docker-] START  window=3600s  proto=http
[06:01:24][W08] [public-ecr-aws-docker-] START  window=3600s  proto=http
[06:01:24][W09] [public-ecr-aws-bitnami] START  window=3600s  proto=http
[06:01:26][W04] [public-ecr-aws-docker-] OCI  layers=0 size=0.0MB lang=c ports=0
[06:01:26][W02] [public-ecr-aws-docker-] OCI  layers=0 size=0.0MB lang=c ports=0
[06:01:26][W08] [public-ecr-aws-docker-] OCI  layers=0 size=0.0MB lang=c ports=0
[06:01:36][W09] [public-ecr-aws-bitnami] OCI  layers=1 size=416.9MB lang=java ports=0
[06:02:07][W05] [public-ecr-aws-docker-] OCI  layers=7 size=15.5MB lang=c ports=0
[06:02:11][W00] [public-ecr-aws-docker-] OCI  layers=8 size=24.8MB lang=c ports=0
[06:02:13][W01] [public-ecr-aws-docker-] OCI  layers=7 size=19.9MB lang=c ports=0
[06:02:15][W06] [public-ecr-aws-docker-] OCI  layers=6 size=5.7MB lang=c ports=0
[06:02:15][W07] [public-ecr-aws-docker-] OCI  layers=10 size=108.3MB lang=java ports=0
[06:02:18][W03] [public-ecr-aws-docker-] OCI  layers=6 size=19.5MB lang=c ports=0
[06:02:44][W05] [public-ecr-aws-docker-] STARTUP  n=3  p99=7m  max=7m
[06:02:49][W00] [public-ecr-aws-docker-] STARTUP  n=3  p99=0m  max=0m
[06:02:56][W01] [public-ecr-aws-docker-] STARTUP  n=2  p99=1m  max=1m
[06:03:02][W06] [public-ecr-aws-docker-] STARTUP  n=3  p99=2m  max=2m
[06:03:10][W03] [public-ecr-aws-docker-] STARTUP  n=2  p99=0m  max=0m
[06:03:31][W04] [public-ecr-aws-docker-] FAIL deploy
[06:03:31][W04] [public-ecr-aws-docker-] START  window=3600s  proto=batch
[06:03:32][W02] [public-ecr-aws-docker-] FAIL deploy
[06:03:32][W02] [public-ecr-aws-docker-] START  window=3600s  proto=batch
[06:03:32][W08] [public-ecr-aws-docker-] FAIL deploy
[06:03:32][W08] [public-ecr-aws-docker-] START  window=300s  proto=http
[06:03:46][W03] [public-ecr-aws-docker-] OK  p50=0.0m p99=2.0m sust_p50=0.0m ratio=0.0 n=7
[06:03:46][W03] [public-ecr-aws-docker-] START  window=3600s  proto=batch
[06:03:57][W02] [public-ecr-aws-docker-] OCI  layers=9 size=187.4MB lang=java ports=0
[06:03:58][W02] [public-ecr-aws-docker-] FAIL deploy
[06:04:01][W04] [public-ecr-aws-docker-] OCI  layers=5 size=64.8MB lang=java ports=0
[06:04:17][W09] [public-ecr-aws-bitnami] STARTUP  n=18  p99=7m  max=7m
[06:04:20][W03] [public-ecr-aws-docker-] OCI  layers=5 size=175.1MB lang=java ports=0
[06:04:28][W08] [public-ecr-aws-docker-] OCI  layers=4 size=42.8MB lang=python ports=0
[06:04:37][W05] [public-ecr-aws-docker-] OK  p50=941.0m p99=982.0m sust_p50=946.5m ratio=0.0 n=22
[06:04:37][W05] [public-ecr-aws-jupyter] START  window=300s  proto=http
[06:04:39][W05] [public-ecr-aws-jupyter] OCI  layers=0 size=0.0MB lang=python ports=0
[06:04:39][W07] [public-ecr-aws-docker-] STARTUP  n=19  p99=2m  max=2m
[06:05:10][W08] [public-ecr-aws-docker-] STARTUP  n=2  p99=1m  max=1m
[06:06:15][W04] [public-ecr-aws-docker-] STARTUP  n=20  p99=1m  max=1m
[06:06:39][W03] [public-ecr-aws-docker-] STARTUP  n=22  p99=2m  max=2m
[06:06:45][W05] [public-ecr-aws-jupyter] FAIL deploy
[06:07:21][W00] [public-ecr-aws-docker-] OK  p50=3.0m p99=5.0m sust_p50=3.0m ratio=0.0 n=53
[06:07:21][W00] [public-ecr-aws-elastic] START  window=3600s  proto=http_es
[06:07:28][W01] [public-ecr-aws-docker-] OK  p50=6.0m p99=10.0m sust_p50=6.0m ratio=0.2 n=53
[06:07:28][W01] [public-ecr-aws-docker-] START  window=3600s  proto=batch
[06:07:34][W06] [public-ecr-aws-docker-] OK  p50=3731.0m p99=3804.0m sust_p50=3728.0m ratio=0.0 n=53
[06:07:34][W06] [public-ecr-aws-docker-] START  window=300s  proto=http
[06:07:43][W00] [public-ecr-aws-elastic] OCI  layers=10 size=705.9MB lang=java ports=0
[06:08:00][W01] [public-ecr-aws-docker-] OCI  layers=10 size=348.8MB lang=java ports=0
[06:08:29][W06] [public-ecr-aws-docker-] OCI  layers=4 size=17.2MB lang=python ports=0
[06:09:05][W06] [public-ecr-aws-docker-] STARTUP  n=4  p99=39m  max=39m
[06:09:42][W08] [public-ecr-aws-docker-] OK  p50=14.0m p99=26.0m sust_p50=13.0m ratio=0.1 n=53
[06:09:52][W00] [public-ecr-aws-elastic] STARTUP  n=22  p99=2530m  max=2530m
[06:10:23][W01] [public-ecr-aws-docker-] STARTUP  n=22  p99=2m  max=2m
[06:13:36][W06] [public-ecr-aws-docker-] OK  p50=13.0m p99=23.0m sust_p50=12.0m ratio=3.2 n=53
