[11:52:47][W00] [public-ecr-aws-nginx-n] START  window=300s  proto=http
[11:52:47][W01] [public-ecr-aws-docker-] START  window=300s  proto=redis
[11:52:47][W03] [public-ecr-aws-docker-] START  window=300s  proto=http
[11:52:47][W02] [public-ecr-aws-docker-] START  window=3600s  proto=http
[11:52:47][W04] [public-ecr-aws-docker-] START  window=300s  proto=http
[11:52:47][W05] [public-ecr-aws-docker-] START  window=300s  proto=http
[11:52:47][W06] [public-ecr-aws-docker-] START  window=300s  proto=db_pgbench
[11:52:47][W09] [public-ecr-aws-elastic] START  window=3600s  proto=http_es
[11:52:47][W07] [public-ecr-aws-docker-] START  window=300s  proto=stress_ng
[11:52:47][W08] [public-ecr-aws-docker-] START  window=300s  proto=http
[11:53:07][W09] [public-ecr-aws-elastic] OCI  layers=10 size=705.9MB lang=java env_vars=2 ports=0
[11:53:07][W09] [public-ecr-aws-elastic] FAIL deploy
[11:53:08][W00] [public-ecr-aws-nginx-n] OCI  layers=8 size=24.8MB lang=c env_vars=7 ports=0
[11:53:08][W00] [public-ecr-aws-nginx-n] FAIL deploy
[11:53:18][W02] [public-ecr-aws-docker-] OCI  layers=5 size=70.6MB lang=java env_vars=6 ports=0
[11:53:18][W02] [public-ecr-aws-docker-] FAIL deploy
[11:53:24][W07] [public-ecr-aws-docker-] OCI  layers=1 size=3.3MB lang=c env_vars=1 ports=0
[11:53:28][W01] [public-ecr-aws-docker-] OCI  layers=7 size=15.5MB lang=c env_vars=2 ports=0
[11:53:28][W01] [public-ecr-aws-docker-] FAIL deploy
[11:53:29][W06] [public-ecr-aws-docker-] OCI  layers=11 size=104.9MB lang=c env_vars=8 ports=0
[11:53:29][W06] [public-ecr-aws-docker-] FAIL deploy
[11:53:30][W08] [public-ecr-aws-docker-] OCI  layers=4 size=37.6MB lang=c env_vars=8 ports=0
[11:53:30][W08] [public-ecr-aws-docker-] FAIL deploy
[11:53:33][W04] [public-ecr-aws-docker-] OCI  layers=4 size=46.1MB lang=js env_vars=3 ports=0
[11:53:33][W04] [public-ecr-aws-docker-] FAIL deploy
[11:53:34][W03] [public-ecr-aws-docker-] OCI  layers=4 size=17.2MB lang=python env_vars=5 ports=0
[11:53:34][W03] [public-ecr-aws-docker-] FAIL deploy
[11:53:37][W05] [public-ecr-aws-docker-] OCI  layers=5 size=69.9MB lang=go env_vars=4 ports=0
[11:53:37][W05] [public-ecr-aws-docker-] FAIL deploy
[11:55:27][W07] [public-ecr-aws-docker-] FAIL deploy
