[13:12:14][W00] [public-ecr-aws-nginx-n] START  window=300s  proto=http
[13:12:14][W01] [public-ecr-aws-docker-] START  window=300s  proto=redis
[13:12:14][W02] [public-ecr-aws-docker-] START  window=3600s  proto=http
[13:12:14][W03] [public-ecr-aws-docker-] START  window=300s  proto=http
[13:12:14][W04] [public-ecr-aws-docker-] START  window=300s  proto=http
[13:12:14][W05] [public-ecr-aws-docker-] START  window=300s  proto=http
[13:12:14][W06] [public-ecr-aws-docker-] START  window=300s  proto=db_pgbench
[13:12:14][W07] [public-ecr-aws-docker-] START  window=300s  proto=stress_ng
[13:12:14][W08] [public-ecr-aws-docker-] START  window=300s  proto=http
[13:12:14][W09] [public-ecr-aws-elastic] START  window=3600s  proto=http_es
[13:12:34][W09] [public-ecr-aws-elastic] OCI  layers=10 size=705.9MB lang=java env_vars=2 ports=0
[13:12:36][W00] [public-ecr-aws-nginx-n] OCI  layers=8 size=24.8MB lang=c env_vars=7 ports=0
[13:12:45][W02] [public-ecr-aws-docker-] OCI  layers=5 size=70.6MB lang=java env_vars=6 ports=0
[13:12:51][W07] [public-ecr-aws-docker-] OCI  layers=1 size=3.3MB lang=c env_vars=1 ports=0
[13:12:55][W01] [public-ecr-aws-docker-] OCI  layers=7 size=15.5MB lang=c env_vars=2 ports=0
[13:12:57][W08] [public-ecr-aws-docker-] OCI  layers=4 size=37.6MB lang=c env_vars=8 ports=0
[13:12:57][W06] [public-ecr-aws-docker-] OCI  layers=11 size=104.9MB lang=c env_vars=8 ports=0
[13:13:00][W04] [public-ecr-aws-docker-] OCI  layers=4 size=46.1MB lang=js env_vars=3 ports=0
[13:13:03][W03] [public-ecr-aws-docker-] OCI  layers=4 size=17.2MB lang=python env_vars=5 ports=0
[13:13:04][W05] [public-ecr-aws-docker-] OCI  layers=5 size=69.9MB lang=go env_vars=4 ports=0
[13:13:13][W00] [public-ecr-aws-nginx-n] STARTUP  n=4  p99=5m  max=5m
[13:13:28][W07] [public-ecr-aws-docker-] STARTUP  n=4  p99=1m  max=1m
[13:13:33][W01] [public-ecr-aws-docker-] STARTUP  n=2  p99=5m  max=5m
[13:13:34][W08] [public-ecr-aws-docker-] STARTUP  n=2  p99=0m  max=0m
[13:13:34][W06] [public-ecr-aws-docker-] STARTUP  n=2  p99=94m  max=94m
[13:13:37][W04] [public-ecr-aws-docker-] STARTUP  n=3  p99=2m  max=2m
[13:13:40][W03] [public-ecr-aws-docker-] STARTUP  n=3  p99=2m  max=2m
[13:13:41][W05] [public-ecr-aws-docker-] STARTUP  n=4  p99=2m  max=2m
[13:14:05][W06] [public-ecr-aws-docker-] OK  p50=3.0m p99=89.6m sust_p50=3.0m startup_p99=94.0m startup_ratio=31.3 n=6
[13:14:42][W09] [public-ecr-aws-elastic] STARTUP  n=21  p99=3465m  max=3465m
[13:14:54][W02] [public-ecr-aws-docker-] STARTUP  n=21  p99=0m  max=0m
[13:15:10][W01] [public-ecr-aws-docker-] OK  p50=632.0m p99=991.0m sust_p50=987.0m startup_p99=5.0m startup_ratio=0.0 n=19
[13:17:44][W00] [public-ecr-aws-nginx-n] OK  p50=3.0m p99=5.0m sust_p50=3.0m startup_p99=5.0m startup_ratio=1.7 n=53
[13:17:59][W07] [public-ecr-aws-docker-] OK  p50=0.0m p99=1.0m sust_p50=0.0m startup_p99=1.0m startup_ratio=10.0 n=53
[13:18:04][W08] [public-ecr-aws-docker-] OK  p50=0.0m p99=0.0m sust_p50=0.0m startup_p99=0.0m startup_ratio=0.0 n=53
[13:18:08][W04] [public-ecr-aws-docker-] OK  p50=0.0m p99=0.0m sust_p50=0.0m startup_p99=2.0m startup_ratio=20.0 n=53
[13:18:11][W03] [public-ecr-aws-docker-] OK  p50=0.0m p99=0.0m sust_p50=0.0m startup_p99=2.0m startup_ratio=20.0 n=53
[13:18:12][W05] [public-ecr-aws-docker-] OK  p50=0.0m p99=0.0m sust_p50=0.0m startup_p99=2.0m startup_ratio=20.0 n=53
[13:19:44][W09] [public-ecr-aws-elastic] OK  p50=4.0m p99=7.0m sust_p50=4.0m startup_p99=3465.0m startup_ratio=866.2 n=59
