[11:22:23][W00] [nginx-alpine] START  window=300s  proto=http
[11:22:23][W01] [redis-7-alpine] START  window=300s  proto=redis
[11:22:23][W02] [openjdk-21-slim] START  window=3600s  proto=http
[11:22:23][W03] [python-3-12-alpine] START  window=300s  proto=http
[11:22:23][W04] [node-20-alpine] START  window=300s  proto=http
[11:22:23][W05] [golang-1-22-alpine] START  window=300s  proto=http
[11:22:23][W06] [postgres-16-alpine] START  window=300s  proto=db_pgbench
[11:22:23][W07] [alpine-3-19] START  window=300s  proto=stress_ng
[11:22:24][W08] [ruby-3-3-alpine] START  window=300s  proto=http
[11:22:24][W09] [elasticsearch-8-11-0] START  window=3600s  proto=http_es
[11:22:24][W03] [python-3-12-alpine] OCI  layers=0 size=0.0MB lang=c env_vars=0 ports=0
[11:22:24][W06] [postgres-16-alpine] OCI  layers=0 size=0.0MB lang=c env_vars=0 ports=0
[11:22:24][W03] [python-3-12-alpine] FAIL deploy
[11:22:24][W06] [postgres-16-alpine] FAIL deploy
[11:22:57][W04] [node-20-alpine] OCI  layers=0 size=0.0MB lang=c env_vars=0 ports=0
[11:22:57][W01] [redis-7-alpine] OCI  layers=0 size=0.0MB lang=c env_vars=0 ports=0
[11:22:57][W02] [openjdk-21-slim] OCI  layers=0 size=0.0MB lang=java env_vars=0 ports=0
[11:22:57][W09] [elasticsearch-8-11-0] OCI  layers=0 size=0.0MB lang=java env_vars=0 ports=0
[11:22:57][W05] [golang-1-22-alpine] OCI  layers=0 size=0.0MB lang=c env_vars=0 ports=0
[11:22:57][W00] [nginx-alpine] OCI  layers=0 size=0.0MB lang=c env_vars=0 ports=0
[11:22:57][W08] [ruby-3-3-alpine] OCI  layers=0 size=0.0MB lang=c env_vars=0 ports=0
[11:22:57][W07] [alpine-3-19] OCI  layers=0 size=0.0MB lang=c env_vars=0 ports=0
[11:22:57][W04] [node-20-alpine] FAIL deploy
[11:22:57][W01] [redis-7-alpine] FAIL deploy
[11:22:57][W02] [openjdk-21-slim] FAIL deploy
[11:22:57][W09] [elasticsearch-8-11-0] FAIL deploy
[11:22:57][W05] [golang-1-22-alpine] FAIL deploy
[11:22:57][W00] [nginx-alpine] FAIL deploy
[11:22:57][W08] [ruby-3-3-alpine] FAIL deploy
[11:25:00][W07] [alpine-3-19] FAIL deploy
