[11:02:32][W01] [redis-7-alpine] START  window=300s  proto=redis
[11:02:32][W00] [nginx-alpine] START  window=300s  proto=http
[11:02:32][W03] [python-3-12-alpine] START  window=300s  proto=http
[11:02:32][W02] [openjdk-21-slim] START  window=3600s  proto=http
[11:02:32][W04] [node-20-alpine] START  window=300s  proto=http
[11:02:32][W05] [golang-1-22-alpine] START  window=300s  proto=http
[11:02:32][W06] [postgres-16-alpine] START  window=300s  proto=db_pgbench
[11:02:32][W07] [alpine-3-19] START  window=300s  proto=stress_ng
[11:02:32][W08] [ruby-3-3-alpine] START  window=300s  proto=http
[11:02:32][W09] [elasticsearch-8-11-0] START  window=3600s  proto=http_es
[11:02:33][W00] [nginx-alpine] OCI  layers=0 size=0.0MB lang=c env_vars=0 ports=0
[11:02:33][W02] [openjdk-21-slim] OCI  layers=0 size=0.0MB lang=java env_vars=0 ports=0
[11:02:33][W04] [node-20-alpine] OCI  layers=0 size=0.0MB lang=c env_vars=0 ports=0
[11:02:33][W00] [nginx-alpine] FAIL deploy
[11:02:33][W04] [node-20-alpine] FAIL deploy
[11:02:33][W02] [openjdk-21-slim] FAIL deploy
[11:02:46][W09] [elasticsearch-8-11-0] OCI  layers=10 size=705.9MB lang=java env_vars=2 ports=0
[11:02:46][W09] [elasticsearch-8-11-0] FAIL deploy
[11:02:58][W07] [alpine-3-19] OCI  layers=1 size=3.3MB lang=c env_vars=1 ports=0
[11:03:01][W01] [redis-7-alpine] OCI  layers=7 size=15.5MB lang=c env_vars=2 ports=0
[11:03:01][W08] [ruby-3-3-alpine] OCI  layers=4 size=37.6MB lang=c env_vars=8 ports=0
[11:03:01][W01] [redis-7-alpine] FAIL deploy
[11:03:01][W06] [postgres-16-alpine] OCI  layers=11 size=104.9MB lang=c env_vars=8 ports=0
[11:03:01][W08] [ruby-3-3-alpine] FAIL deploy
[11:03:01][W06] [postgres-16-alpine] FAIL deploy
[11:03:02][W03] [python-3-12-alpine] OCI  layers=4 size=17.2MB lang=python env_vars=5 ports=0
[11:03:02][W05] [golang-1-22-alpine] OCI  layers=5 size=69.9MB lang=go env_vars=4 ports=0
[11:03:02][W03] [python-3-12-alpine] FAIL deploy
[11:03:02][W05] [golang-1-22-alpine] FAIL deploy
[11:05:01][W07] [alpine-3-19] FAIL deploy
