[11:29:36][W00] [nginx-alpine] START  window=300s  proto=http
[11:29:36][W01] [redis-7-alpine] START  window=300s  proto=redis
[11:30:09][W00] [nginx-alpine] OCI  layers=0 size=0.0MB lang=c env_vars=0 ports=0
[11:30:09][W01] [redis-7-alpine] OCI  layers=0 size=0.0MB lang=c env_vars=0 ports=0
[11:30:10][W00] [nginx-alpine] FAIL deploy
[11:30:10][W00] [openjdk-21-slim] START  window=3600s  proto=http
[11:30:10][W01] [redis-7-alpine] FAIL deploy
[11:30:10][W01] [python-3-12-alpine] START  window=300s  proto=http
[11:30:10][W01] [python-3-12-alpine] OCI  layers=0 size=0.0MB lang=c env_vars=0 ports=0
[11:30:11][W01] [python-3-12-alpine] FAIL deploy
[11:30:11][W01] [golang-1-22-alpine] START  window=300s  proto=http
[11:30:43][W00] [openjdk-21-slim] OCI  layers=0 size=0.0MB lang=java env_vars=0 ports=0
[11:30:44][W00] [openjdk-21-slim] FAIL deploy
[11:30:44][W00] [node-20-alpine] START  window=300s  proto=http
[11:30:44][W01] [golang-1-22-alpine] OCI  layers=0 size=0.0MB lang=c env_vars=0 ports=0
[11:30:45][W01] [golang-1-22-alpine] FAIL deploy
[11:30:45][W01] [alpine-3-19] START  window=300s  proto=stress_ng
[11:31:17][W00] [node-20-alpine] OCI  layers=0 size=0.0MB lang=c env_vars=0 ports=0
[11:31:17][W00] [node-20-alpine] FAIL deploy
[11:31:17][W00] [postgres-16-alpine] START  window=300s  proto=db_pgbench
[11:31:18][W01] [alpine-3-19] OCI  layers=0 size=0.0MB lang=c env_vars=0 ports=0
[11:31:51][W00] [postgres-16-alpine] OCI  layers=0 size=0.0MB lang=c env_vars=0 ports=0
[11:31:51][W00] [postgres-16-alpine] FAIL deploy
[11:31:51][W00] [ruby-3-3-alpine] START  window=300s  proto=http
[11:31:52][W00] [ruby-3-3-alpine] OCI  layers=0 size=0.0MB lang=c env_vars=0 ports=0
[11:31:52][W00] [ruby-3-3-alpine] FAIL deploy
[11:33:22][W01] [alpine-3-19] FAIL deploy
[11:33:22][W01] [elasticsearch-8-11-0] START  window=3600s  proto=http_es
[11:33:55][W01] [elasticsearch-8-11-0] OCI  layers=0 size=0.0MB lang=java env_vars=0 ports=0
[11:33:55][W01] [elasticsearch-8-11-0] FAIL deploy
