[13:00:17][W00] [public-ecr-aws-nginx-n] START  window=300s  proto=http
[13:00:17][W01] [public-ecr-aws-docker-] START  window=300s  proto=redis
[13:00:17][W02] [public-ecr-aws-docker-] START  window=3600s  proto=http
[13:00:17][W03] [public-ecr-aws-docker-] START  window=300s  proto=http
[13:00:17][W04] [public-ecr-aws-docker-] START  window=300s  proto=http
[13:00:17][W05] [public-ecr-aws-docker-] START  window=300s  proto=http
[13:00:17][W06] [public-ecr-aws-docker-] START  window=300s  proto=db_pgbench
[13:00:17][W07] [public-ecr-aws-docker-] START  window=300s  proto=stress_ng
[13:00:17][W09] [public-ecr-aws-elastic] START  window=3600s  proto=http_es
[13:00:17][W08] [public-ecr-aws-docker-] START  window=300s  proto=http
[13:00:37][W09] [public-ecr-aws-elastic] OCI  layers=10 size=705.9MB lang=java env_vars=2 ports=0
[13:00:39][W00] [public-ecr-aws-nginx-n] OCI  layers=8 size=24.8MB lang=c env_vars=7 ports=0
[13:00:48][W02] [public-ecr-aws-docker-] OCI  layers=5 size=70.6MB lang=java env_vars=6 ports=0
[13:00:55][W07] [public-ecr-aws-docker-] OCI  layers=1 size=3.3MB lang=c env_vars=1 ports=0
[13:00:58][W01] [public-ecr-aws-docker-] OCI  layers=7 size=15.5MB lang=c env_vars=2 ports=0
[13:01:00][W06] [public-ecr-aws-docker-] OCI  layers=11 size=104.9MB lang=c env_vars=8 ports=0
[13:01:00][W08] [public-ecr-aws-docker-] OCI  layers=4 size=37.6MB lang=c env_vars=8 ports=0
[13:01:03][W04] [public-ecr-aws-docker-] OCI  layers=4 size=46.1MB lang=js env_vars=3 ports=0
[13:01:06][W03] [public-ecr-aws-docker-] OCI  layers=4 size=17.2MB lang=python env_vars=5 ports=0
[13:01:08][W05] [public-ecr-aws-docker-] OCI  layers=5 size=69.9MB lang=go env_vars=4 ports=0
[13:01:15][W00] [public-ecr-aws-nginx-n] STARTUP  n=4  p99=6m  max=6m
[13:01:32][W07] [public-ecr-aws-docker-] STARTUP  n=2  p99=1m  max=1m
[13:01:35][W01] [public-ecr-aws-docker-] STARTUP  n=2  p99=7m  max=7m
[13:01:37][W08] [public-ecr-aws-docker-] STARTUP  n=3  p99=1m  max=1m
[13:01:40][W04] [public-ecr-aws-docker-] STARTUP  n=3  p99=1m  max=1m
[13:01:42][W03] [public-ecr-aws-docker-] STARTUP  n=4  p99=1m  max=1m
[13:01:44][W05] [public-ecr-aws-docker-] STARTUP  n=4  p99=2m  max=2m
[13:02:45][W09] [public-ecr-aws-elastic] STARTUP  n=22  p99=3786m  max=3786m
[13:02:57][W02] [public-ecr-aws-docker-] STARTUP  n=24  p99=0m  max=0m
[13:03:05][W06] [public-ecr-aws-docker-] FAIL deploy
[13:03:12][W01] [public-ecr-aws-docker-] OK  p50=985.0m p99=990.0m sust_p50=990.0m startup_p99=7.0m startup_ratio=0.0 n=19
[13:05:46][W00] [public-ecr-aws-nginx-n] OK  p50=3.0m p99=5.0m sust_p50=3.0m startup_p99=6.0m startup_ratio=2.0 n=53
[13:06:02][W07] [public-ecr-aws-docker-] OK  p50=0.0m p99=0.5m sust_p50=0.0m startup_p99=1.0m startup_ratio=10.0 n=53
[13:06:08][W08] [public-ecr-aws-docker-] OK  p50=0.0m p99=0.0m sust_p50=0.0m startup_p99=1.0m startup_ratio=10.0 n=53
[13:06:11][W04] [public-ecr-aws-docker-] OK  p50=0.0m p99=1.0m sust_p50=0.0m startup_p99=1.0m startup_ratio=10.0 n=53
[13:06:13][W03] [public-ecr-aws-docker-] OK  p50=0.0m p99=0.0m sust_p50=0.0m startup_p99=1.0m startup_ratio=10.0 n=53
